#
# A fatal error has been detected by the Java Runtime Environment:
#
#  SIGSEGV (0xb) at pc=0x00007fff8c704097, pid=30921, tid=1287
#
# JRE version: Java(TM) SE Runtime Environment (7.0_51-b13) (build 1.7.0_51-b13)
# Java VM: Java HotSpot(TM) 64-Bit Server VM (24.51-b03 mixed mode bsd-amd64 compressed oops)
# Problematic frame:
# C  [libobjc.A.dylib+0x5097]  objc_msgSend+0x17
#
# Failed to write core dump. Core dumps have been disabled. To enable core dumping, try "ulimit -c unlimited" before starting Java again
#
# If you would like to submit a bug report, please visit:
#   http://bugreport.sun.com/bugreport/crash.jsp
# The crash happened outside the Java Virtual Machine in native code.
# See problematic frame for where to report the bug.
#

---------------  T H R E A D  ---------------

Current thread (0x00007fc9ca182800):  JavaThread "AppKit Thread" daemon [_thread_in_native, id=1287, stack(0x00007fff58494000,0x00007fff58514000)]

siginfo:si_signo=SIGSEGV: si_errno=0, si_code=0 (SEGV0), si_addr=0x0000000000000000

Registers:
RAX=0x00007fc9c8d7d030, RBX=0x00000000000f42fe, RCX=0x0000000000000000, RDX=0x00007fc9c8c230b0
RSP=0x00007fff5850f228, RBP=0x00007fff5850f230, RSI=0x00007fff8f552b9f, RDI=0x00007fc9c8d7d030
R8 =0x0000000000000040, R9 =0x00007fff5850f200, R10=0x00007fff8f552b9f, R11=0x4000000000000000
R12=0x00000000000f42fe, R13=0x00007fff5850f3f8, R14=0x00007fc9c8e4ec10, R15=0x00007fff5850f358
RIP=0x00007fff8c704097, EFLAGS=0x0000000000010246, ERR=0x0000000000000000
  TRAPNO=0x000000000000000d

Top of Stack: (sp=0x00007fff5850f228)
0x00007fff5850f228:   00007fff8fd78e0c 00007fff5850f590
0x00007fff5850f238:   00007fff8fc6ca6d 0000000000000003
0x00007fff5850f248:   000000010770b200 00007fff5850f290
0x00007fff5850f258:   00007fff8c385272 0000000000000798
0x00007fff5850f268:   00000000000f4300 0000000000000002
0x00007fff5850f278:   00007fc9c8d87ac0 00007fc9c8d87400
0x00007fff5850f288:   00007fc9c8d17bb0 00007fc9c8c230b0
0x00007fff5850f298:   00007fff5850f350 0000000000000000
0x00007fff5850f2a8:   00000000000f42fe 0000000000000051
0x00007fff5850f2b8:   00007fff5850f3d0 0000000000000000
0x00007fff5850f2c8:   0000000000000001 00007fc9c8d17ba0
0x00007fff5850f2d8:   000000000000004f 000000000002d9b3
0x00007fff5850f2e8:   0000010000000000 00007fff7a47ea60
0x00007fff5850f2f8:   00002060007426ea 00007fff5850f450
0x00007fff5850f308:   0000000000000000 00007fff5850f3e8
0x00007fff5850f318:   00007fff5850f3c8 00007fff7a47ea48
0x00007fff5850f328:   0000000000000000 0000000000000025
0x00007fff5850f338:   00007fff897426ea 00007fff79b66d38
0x00007fff5850f348:   0000000000000000 00007fc9c8d87b40
0x00007fff5850f358:   00007fc9c8e4ec10 00007fff93914b08
0x00007fff5850f368:   0000000000000000 00007fff5850f430
0x00007fff5850f378:   00007fff92708dde 00007fff7a5fe0d0
0x00007fff5850f388:   0000000042000000 00007fff927111d1
0x00007fff5850f398:   00007fff7a45ab40 00007fff5850f498
0x00007fff5850f3a8:   00007fff5850f3c8 00007fff5850f3e8
0x00007fff5850f3b8:   0000000000000000 0000000107705001
0x00007fff5850f3c8:   0000000000000000 000000000000004d
0x00007fff5850f3d8:   0000000000000000 00000000000f42e5
0x00007fff5850f3e8:   000000000000004f 0000000000000000
0x00007fff5850f3f8:   00000000000f42fe 000000015850f4a0
0x00007fff5850f408:   00007fff89743261 00007fff794b0748
0x00007fff5850f418:   00007fff794b074c 00000000794ac1b8 

Instructions: (pc=0x00007fff8c704097)
0x00007fff8c704077:   90 90 90 90 90 90 90 90 90 48 85 ff 2e 74 72 40
0x00007fff8c704087:   f6 c7 01 2e 0f 85 7e 00 00 00 4c 8b 1f 49 89 f2
0x00007fff8c704097:   45 23 53 18 49 c1 e2 04 4d 03 53 10 49 3b 32 75
0x00007fff8c7040a7:   04 41 ff 62 08 49 83 3a 00 74 74 4d 3b 53 10 74 

Register to memory mapping:

RAX=0x00007fc9c8d7d030 is an unknown value
RBX=0x00000000000f42fe is an unknown value
RCX=0x0000000000000000 is an unknown value
RDX=0x00007fc9c8c230b0 is an unknown value
RSP=0x00007fff5850f228 is pointing into the stack for thread: 0x00007fc9ca182800
RBP=0x00007fff5850f230 is pointing into the stack for thread: 0x00007fc9ca182800
RSI=0x00007fff8f552b9f: NSAppKitVersionNumber+0x5358f in /System/Library/Frameworks/AppKit.framework/Versions/C/AppKit at 0x00007fff8eaaf000
RDI=0x00007fc9c8d7d030 is an unknown value
R8 =0x0000000000000040 is an unknown value
R9 =0x00007fff5850f200 is pointing into the stack for thread: 0x00007fc9ca182800
R10=0x00007fff8f552b9f: NSAppKitVersionNumber+0x5358f in /System/Library/Frameworks/AppKit.framework/Versions/C/AppKit at 0x00007fff8eaaf000
R11=0x4000000000000000 is an unknown value
R12=0x00000000000f42fe is an unknown value
R13=0x00007fff5850f3f8 is pointing into the stack for thread: 0x00007fc9ca182800
R14=0x00007fc9c8e4ec10 is an unknown value
R15=0x00007fff5850f358 is pointing into the stack for thread: 0x00007fc9ca182800


Stack: [0x00007fff58494000,0x00007fff58514000],  sp=0x00007fff5850f228,  free space=492k
Native frames: (J=compiled Java code, j=interpreted, Vv=VM code, C=native code)
C  [libobjc.A.dylib+0x5097]  objc_msgSend+0x17
C  [CoreFoundation+0x10a6d]  _CFXNotificationPost+0xb4d
C  [Foundation+0x27ba]  -[NSNotificationCenter postNotificationName:object:userInfo:]+0x44
C  [AppKit+0x10f719]  -[NSSurface _disposeSurface]+0x98
C  [AppKit+0x10f1b5]  -[NSSurface setWindow:]+0x46
C  [AppKit+0x3b0b7]  -[NSView _setWindow:]+0x8ea
C  [AppKit+0x3c10a]  -[NSView removeFromSuperview]+0x15e
C  [AppKit+0x98889]  -[NSView removeFromSuperviewWithoutNeedingDisplay]+0x26
C  [liblwjgl.dylib+0x9c3e]  +[MacOSXKeyableWindow destroyWindow]+0xde
C  [Foundation+0x6313e]  __NSThreadPerformPerform+0xe5
C  [CoreFoundation+0x7f731]  __CFRUNLOOP_IS_CALLING_OUT_TO_A_SOURCE0_PERFORM_FUNCTION__+0x11
C  [CoreFoundation+0x70ea2]  __CFRunLoopDoSources0+0xf2
C  [CoreFoundation+0x7062f]  __CFRunLoopRun+0x33f
C  [CoreFoundation+0x700b5]  CFRunLoopRunSpecific+0x135
C  [HIToolbox+0x2ea0d]  RunCurrentEventLoopInMode+0xe2
C  [HIToolbox+0x2e7b7]  ReceiveNextEventCommon+0x1df
C  [HIToolbox+0x2e5bc]  _BlockUntilNextEventMatchingListInModeWithFilter+0x41
C  [AppKit+0x243de]  _DPSNextEvent+0x59a
C  [AppKit+0x23a2b]  -[NSApplication nextEventMatchingMask:untilDate:inMode:dequeue:]+0x7a
C  [libosxapp.dylib+0x16f4]  -[NSApplicationAWT nextEventMatchingMask:untilDate:inMode:dequeue:]+0x7c
C  [AppKit+0x17b2c]  -[NSApplication run]+0x229
C  [libosxapp.dylib+0x1557]  +[NSApplicationAWT runAWTLoopWithApp:]+0x9c
C  [liblwawt.dylib+0xdba9]  -[AWTStarter starter:]+0x369
C  [Foundation+0x6313e]  __NSThreadPerformPerform+0xe5
C  [CoreFoundation+0x7f731]  __CFRUNLOOP_IS_CALLING_OUT_TO_A_SOURCE0_PERFORM_FUNCTION__+0x11
C  [CoreFoundation+0x70ea2]  __CFRunLoopDoSources0+0xf2
C  [CoreFoundation+0x7062f]  __CFRunLoopRun+0x33f
C  [CoreFoundation+0x700b5]  CFRunLoopRunSpecific+0x135
C  [java+0x73b0]  CreateExecutionEnvironment+0x367
C  [java+0x1b5c]  JLI_Launch+0x7a0
C  [java+0x770d]  main+0x65
C  [java+0x13b4]  start+0x34


---------------  P R O C E S S  ---------------

Java Threads: ( => current thread )
  0x00007fc9ca16f000 JavaThread "AWT-Shutdown" [_thread_blocked, id=32263, stack(0x0000000158b09000,0x0000000158c09000)]
  0x00007fc9c989c800 JavaThread "DestroyJavaVM" [_thread_blocked, id=6403, stack(0x0000000109254000,0x0000000109354000)]
  0x00007fc9ca14e000 JavaThread "LWJGL Application" [_thread_in_native, id=68355, stack(0x000000015b928000,0x000000015ba28000)]
=>0x00007fc9ca182800 JavaThread "AppKit Thread" daemon [_thread_in_native, id=1287, stack(0x00007fff58494000,0x00007fff58514000)]
  0x00007fc9ca80f800 JavaThread "Service Thread" daemon [_thread_blocked, id=21251, stack(0x0000000156e0f000,0x0000000156f0f000)]
  0x00007fc9ca03d800 JavaThread "C2 CompilerThread1" daemon [_thread_blocked, id=20739, stack(0x0000000156d0c000,0x0000000156e0c000)]
  0x00007fc9ca045800 JavaThread "C2 CompilerThread0" daemon [_thread_blocked, id=20227, stack(0x0000000156c09000,0x0000000156d09000)]
  0x00007fc9ca001000 JavaThread "Signal Dispatcher" daemon [_thread_blocked, id=19715, stack(0x0000000156b06000,0x0000000156c06000)]
  0x00007fc9c980b800 JavaThread "Finalizer" daemon [_thread_blocked, id=14595, stack(0x00000001568b7000,0x00000001569b7000)]
  0x00007fc9ca806000 JavaThread "Reference Handler" daemon [_thread_blocked, id=14083, stack(0x00000001567b4000,0x00000001568b4000)]

Other Threads:
  0x00007fc9c9809000 VMThread [stack: 0x00000001566b1000,0x00000001567b1000] [id=13571]
  0x00007fc9ca818800 WatcherThread [stack: 0x0000000156f12000,0x0000000157012000] [id=21763]

VM state:not at safepoint (normal execution)

VM Mutex/Monitor currently owned by a thread: None

Heap
 PSYoungGen      total 19456K, used 16896K [0x000000013c180000, 0x000000013d700000, 0x0000000151700000)
  eden space 16896K, 100% used [0x000000013c180000,0x000000013d200000,0x000000013d200000)
  from space 2560K, 0% used [0x000000013d480000,0x000000013d480000,0x000000013d700000)
  to   space 2560K, 0% used [0x000000013d200000,0x000000013d200000,0x000000013d480000)
 ParOldGen       total 43520K, used 0K [0x0000000111700000, 0x0000000114180000, 0x000000013c180000)
  object space 43520K, 0% used [0x0000000111700000,0x0000000111700000,0x0000000114180000)
 PSPermGen       total 21504K, used 7363K [0x000000010c500000, 0x000000010da00000, 0x0000000111700000)
  object space 21504K, 34% used [0x000000010c500000,0x000000010cc30f40,0x000000010da00000)

Card table byte_map: [0x0000000151700000,0x000000015192a000] byte_map_base: 0x0000000150e9d800

Polling page: 0x0000000109393000

Code Cache  [0x00000001093a6000, 0x0000000109616000, 0x000000010c3a6000)
 total_blobs=494 nmethods=130 adapters=318 free_code_cache=48485Kb largest_free_block=49633024

Compilation events (10 events):
Event: 30.744 Thread 0x00007fc9ca045800  125             com.badlogic.gdx.math.Vector2::set (12 bytes)
Event: 30.744 Thread 0x00007fc9ca045800 nmethod 125 0x0000000109447a90 code [0x0000000109447bc0, 0x0000000109447c38]
Event: 31.377 Thread 0x00007fc9ca03d800  126             com.badlogic.gdx.scenes.scene2d.Actor::isVisible (5 bytes)
Event: 31.378 Thread 0x00007fc9ca03d800 nmethod 126 0x0000000109447890 code [0x00000001094479c0, 0x0000000109447a18]
Event: 31.578 Thread 0x00007fc9ca045800  127             com.badlogic.gdx.math.Vector3::crs (62 bytes)
Event: 31.579 Thread 0x00007fc9ca045800 nmethod 127 0x000000010944d9d0 code [0x000000010944db00, 0x000000010944dbb8]
Event: 33.031 Thread 0x00007fc9ca03d800  129             com.badlogic.gdx.utils.Array::get (54 bytes)
Event: 33.032 Thread 0x00007fc9ca03d800 nmethod 129 0x000000010944d390 code [0x000000010944d4e0, 0x000000010944d598]
Event: 34.417 Thread 0x00007fc9ca045800  130             com.badlogic.gdx.graphics.g2d.SpriteBatch::draw (312 bytes)
Event: 34.421 Thread 0x00007fc9ca045800 nmethod 130 0x000000010944c550 code [0x000000010944c6e0, 0x000000010944ca78]

GC Heap History (0 events):
No events

Deoptimization events (0 events):
No events

Internal exceptions (10 events):
Event: 3.488 Thread 0x00007fc9ca14e000 Threw 0x000000013cf73470 at /HUDSON/workspace/7u-2-build-macosx-x86_64/jdk7u51/527/hotspot/src/share/vm/prims/jvm.cpp:1244
Event: 3.489 Thread 0x00007fc9ca14e000 Threw 0x000000013cf798b0 at /HUDSON/workspace/7u-2-build-macosx-x86_64/jdk7u51/527/hotspot/src/share/vm/prims/jvm.cpp:1244
Event: 4.218 Thread 0x00007fc9ca14e000 Threw 0x000000013cf88f40 at /HUDSON/workspace/7u-2-build-macosx-x86_64/jdk7u51/527/hotspot/src/share/vm/prims/jvm.cpp:1244
Event: 4.584 Thread 0x00007fc9ca14e000 Threw 0x000000013cf94480 at /HUDSON/workspace/7u-2-build-macosx-x86_64/jdk7u51/527/hotspot/src/share/vm/prims/jvm.cpp:1244
Event: 8.963 Thread 0x00007fc9ca14e000 Threw 0x000000013cfcde00 at /HUDSON/workspace/7u-2-build-macosx-x86_64/jdk7u51/527/hotspot/src/share/vm/prims/jvm.cpp:1244
Event: 10.621 Thread 0x00007fc9ca14e000 Threw 0x000000013cfe7490 at /HUDSON/workspace/7u-2-build-macosx-x86_64/jdk7u51/527/hotspot/src/share/vm/prims/jvm.cpp:1244
Event: 13.432 Thread 0x00007fc9ca14e000 Threw 0x000000013d010a90 at /HUDSON/workspace/7u-2-build-macosx-x86_64/jdk7u51/527/hotspot/src/share/vm/prims/jvm.cpp:1244
Event: 13.433 Thread 0x00007fc9ca14e000 Threw 0x000000013d017500 at /HUDSON/workspace/7u-2-build-macosx-x86_64/jdk7u51/527/hotspot/src/share/vm/prims/jvm.cpp:1244
Event: 35.757 Thread 0x00007fc9ca14e000 Threw 0x000000013d1cef70 at /HUDSON/workspace/7u-2-build-macosx-x86_64/jdk7u51/527/hotspot/src/share/vm/prims/jvm.cpp:1244
Event: 35.764 Thread 0x00007fc9ca14e000 Threw 0x000000013d1d5780 at /HUDSON/workspace/7u-2-build-macosx-x86_64/jdk7u51/527/hotspot/src/share/vm/prims/jvm.cpp:1244

Events (10 events):
Event: 11.706 Thread 0x00007fc9ca16f000 Thread exited: 0x00007fc9ca16f000
Event: 13.374 Thread 0x00007fc9ca16f000 Thread added: 0x00007fc9ca16f000
Event: 13.432 loading class 0x00007fc9c8f278e0
Event: 13.432 loading class 0x00007fc9c8f278e0 done
Event: 13.433 loading class 0x00007fc9c8e4dcf0
Event: 13.433 loading class 0x00007fc9c8e4dcf0 done
Event: 35.757 loading class 0x00007fc9c8d28bd0
Event: 35.757 loading class 0x00007fc9c8d28bd0 done
Event: 35.763 loading class 0x00007fc9c8d6f450
Event: 35.763 loading class 0x00007fc9c8d6f450 done


Dynamic libraries:
0x0000000008418000 	/System/Library/Frameworks/Cocoa.framework/Versions/A/Cocoa
0x0000000008418000 	/System/Library/Frameworks/Security.framework/Versions/A/Security
0x0000000008418000 	/System/Library/Frameworks/ApplicationServices.framework/Versions/A/ApplicationServices
0x0000000008418000 	/usr/lib/libz.1.dylib
0x0000000008418000 	/usr/lib/libSystem.B.dylib
0x0000000008418000 	/usr/lib/libobjc.A.dylib
0x0000000008418000 	/System/Library/Frameworks/CoreFoundation.framework/Versions/A/CoreFoundation
0x0000000008418000 	/System/Library/Frameworks/Foundation.framework/Versions/C/Foundation
0x0000000008418000 	/System/Library/Frameworks/AppKit.framework/Versions/C/AppKit
0x0000000008418000 	/System/Library/Frameworks/CoreData.framework/Versions/A/CoreData
0x0000000008418000 	/System/Library/PrivateFrameworks/RemoteViewServices.framework/Versions/A/RemoteViewServices
0x0000000008418000 	/System/Library/Frameworks/AudioToolbox.framework/Versions/A/AudioToolbox
0x0000000008418000 	/System/Library/Frameworks/AudioUnit.framework/Versions/A/AudioUnit
0x0000000008418000 	/System/Library/PrivateFrameworks/DataDetectorsCore.framework/Versions/A/DataDetectorsCore
0x0000000008418000 	/System/Library/PrivateFrameworks/DesktopServicesPriv.framework/Versions/A/DesktopServicesPriv
0x0000000008418000 	/System/Library/Frameworks/Carbon.framework/Versions/A/Frameworks/HIToolbox.framework/Versions/A/HIToolbox
0x0000000008418000 	/System/Library/Frameworks/QuartzCore.framework/Versions/A/QuartzCore
0x0000000008418000 	/System/Library/Frameworks/Carbon.framework/Versions/A/Frameworks/SpeechRecognition.framework/Versions/A/SpeechRecognition
0x0000000008418000 	/usr/lib/libauto.dylib
0x0000000008418000 	/usr/lib/libicucore.A.dylib
0x0000000008418000 	/usr/lib/libxml2.2.dylib
0x0000000008418000 	/System/Library/PrivateFrameworks/CoreUI.framework/Versions/A/CoreUI
0x0000000008418000 	/System/Library/Frameworks/CoreAudio.framework/Versions/A/CoreAudio
0x0000000008418000 	/System/Library/Frameworks/DiskArbitration.framework/Versions/A/DiskArbitration
0x0000000008418000 	/usr/lib/liblangid.dylib
0x0000000008418000 	/System/Library/PrivateFrameworks/MultitouchSupport.framework/Versions/A/MultitouchSupport
0x0000000008418000 	/System/Library/Frameworks/IOKit.framework/Versions/A/IOKit
0x0000000008418000 	/usr/lib/libDiagnosticMessagesClient.dylib
0x0000000008418000 	/System/Library/Frameworks/CoreServices.framework/Versions/A/CoreServices
0x0000000008418000 	/System/Library/PrivateFrameworks/PerformanceAnalysis.framework/Versions/A/PerformanceAnalysis
0x0000000008418000 	/System/Library/PrivateFrameworks/GenerationalStorage.framework/Versions/A/GenerationalStorage
0x0000000008418000 	/System/Library/Frameworks/OpenGL.framework/Versions/A/OpenGL
0x0000000008418000 	/System/Library/PrivateFrameworks/Sharing.framework/Versions/A/Sharing
0x0000000008418000 	/System/Library/Frameworks/ImageIO.framework/Versions/A/ImageIO
0x0000000008418000 	/System/Library/Frameworks/CoreText.framework/Versions/A/CoreText
0x0000000008418000 	/System/Library/Frameworks/CoreGraphics.framework/Versions/A/CoreGraphics
0x0000000008418000 	/System/Library/PrivateFrameworks/Backup.framework/Versions/A/Backup
0x0000000008418000 	/System/Library/Frameworks/CFNetwork.framework/Versions/A/CFNetwork
0x0000000008418000 	/System/Library/Frameworks/SystemConfiguration.framework/Versions/A/SystemConfiguration
0x0000000008418000 	/usr/lib/libCRFSuite.dylib
0x0000000008418000 	/usr/lib/libc++.1.dylib
0x0000000008418000 	/usr/lib/libc++abi.dylib
0x0000000008418000 	/usr/lib/system/libcache.dylib
0x0000000008418000 	/usr/lib/system/libcommonCrypto.dylib
0x0000000008418000 	/usr/lib/system/libcompiler_rt.dylib
0x0000000008418000 	/usr/lib/system/libcopyfile.dylib
0x0000000008418000 	/usr/lib/system/libcorecrypto.dylib
0x0000000008418000 	/usr/lib/system/libdispatch.dylib
0x0000000008418000 	/usr/lib/system/libdyld.dylib
0x0000000008418000 	/usr/lib/system/libkeymgr.dylib
0x0000000008418000 	/usr/lib/system/liblaunch.dylib
0x0000000008418000 	/usr/lib/system/libmacho.dylib
0x0000000008418000 	/usr/lib/system/libquarantine.dylib
0x0000000008418000 	/usr/lib/system/libremovefile.dylib
0x0000000008418000 	/usr/lib/system/libsystem_asl.dylib
0x0000000008418000 	/usr/lib/system/libsystem_blocks.dylib
0x0000000008418000 	/usr/lib/system/libsystem_c.dylib
0x0000000008418000 	/usr/lib/system/libsystem_configuration.dylib
0x0000000008418000 	/usr/lib/system/libsystem_dnssd.dylib
0x0000000008418000 	/usr/lib/system/libsystem_info.dylib
0x0000000008418000 	/usr/lib/system/libsystem_kernel.dylib
0x0000000008418000 	/usr/lib/system/libsystem_m.dylib
0x0000000008418000 	/usr/lib/system/libsystem_malloc.dylib
0x0000000008418000 	/usr/lib/system/libsystem_network.dylib
0x0000000008418000 	/usr/lib/system/libsystem_notify.dylib
0x0000000008418000 	/usr/lib/system/libsystem_platform.dylib
0x0000000008418000 	/usr/lib/system/libsystem_pthread.dylib
0x0000000008418000 	/usr/lib/system/libsystem_sandbox.dylib
0x0000000008418000 	/usr/lib/system/libsystem_stats.dylib
0x0000000008418000 	/usr/lib/system/libunc.dylib
0x0000000008418000 	/usr/lib/system/libunwind.dylib
0x0000000008418000 	/usr/lib/system/libxpc.dylib
0x0000000008418000 	/usr/lib/libbsm.0.dylib
0x0000000008418000 	/usr/lib/libsqlite3.dylib
0x0000000008418000 	/usr/lib/libxar.1.dylib
0x0000000008418000 	/usr/lib/libpam.2.dylib
0x0000000008418000 	/usr/lib/libOpenScriptingUtil.dylib
0x0000000008418000 	/usr/lib/libbz2.1.0.dylib
0x0000000008418000 	/System/Library/Frameworks/CoreServices.framework/Versions/A/Frameworks/CarbonCore.framework/Versions/A/CarbonCore
0x0000000008418000 	/System/Library/Frameworks/CoreServices.framework/Versions/A/Frameworks/Metadata.framework/Versions/A/Metadata
0x0000000008418000 	/System/Library/Frameworks/CoreServices.framework/Versions/A/Frameworks/OSServices.framework/Versions/A/OSServices
0x0000000008418000 	/System/Library/Frameworks/CoreServices.framework/Versions/A/Frameworks/SearchKit.framework/Versions/A/SearchKit
0x0000000008418000 	/System/Library/Frameworks/CoreServices.framework/Versions/A/Frameworks/AE.framework/Versions/A/AE
0x0000000008418000 	/System/Library/Frameworks/CoreServices.framework/Versions/A/Frameworks/LaunchServices.framework/Versions/A/LaunchServices
0x0000000008418000 	/System/Library/Frameworks/CoreServices.framework/Versions/A/Frameworks/DictionaryServices.framework/Versions/A/DictionaryServices
0x0000000008418000 	/System/Library/Frameworks/NetFS.framework/Versions/A/NetFS
0x0000000008418000 	/usr/lib/system/libkxld.dylib
0x0000000008418000 	/System/Library/PrivateFrameworks/NetAuth.framework/Versions/A/NetAuth
0x0000000008418000 	/System/Library/PrivateFrameworks/TCC.framework/Versions/A/TCC
0x0000000008418000 	/System/Library/Frameworks/OpenDirectory.framework/Versions/A/Frameworks/CFOpenDirectory.framework/Versions/A/CFOpenDirectory
0x0000000008418000 	/System/Library/Frameworks/ServiceManagement.framework/Versions/A/ServiceManagement
0x0000000008418000 	/usr/lib/libxslt.1.dylib
0x0000000008418000 	/System/Library/Frameworks/Carbon.framework/Versions/A/Frameworks/Ink.framework/Versions/A/Ink
0x0000000008418000 	/System/Library/Frameworks/ApplicationServices.framework/Versions/A/Frameworks/ATS.framework/Versions/A/ATS
0x0000000008418000 	/System/Library/Frameworks/ApplicationServices.framework/Versions/A/Frameworks/ColorSync.framework/Versions/A/ColorSync
0x0000000008418000 	/System/Library/Frameworks/ApplicationServices.framework/Versions/A/Frameworks/HIServices.framework/Versions/A/HIServices
0x0000000008418000 	/System/Library/Frameworks/ApplicationServices.framework/Versions/A/Frameworks/LangAnalysis.framework/Versions/A/LangAnalysis
0x0000000008418000 	/System/Library/Frameworks/ApplicationServices.framework/Versions/A/Frameworks/PrintCore.framework/Versions/A/PrintCore
0x0000000008418000 	/System/Library/Frameworks/ApplicationServices.framework/Versions/A/Frameworks/QD.framework/Versions/A/QD
0x0000000008418000 	/System/Library/Frameworks/ApplicationServices.framework/Versions/A/Frameworks/SpeechSynthesis.framework/Versions/A/SpeechSynthesis
0x0000000008418000 	/System/Library/Frameworks/IOSurface.framework/Versions/A/IOSurface
0x0000000008418000 	/System/Library/Frameworks/Accelerate.framework/Versions/A/Accelerate
0x0000000008418000 	/System/Library/Frameworks/Accelerate.framework/Versions/A/Frameworks/vImage.framework/Versions/A/vImage
0x0000000008418000 	/System/Library/Frameworks/Accelerate.framework/Versions/A/Frameworks/vecLib.framework/Versions/A/vecLib
0x0000000008418000 	/System/Library/Frameworks/Accelerate.framework/Versions/A/Frameworks/vecLib.framework/Versions/A/libvDSP.dylib
0x0000000008418000 	/System/Library/Frameworks/Accelerate.framework/Versions/A/Frameworks/vecLib.framework/Versions/A/libvMisc.dylib
0x0000000008418000 	/System/Library/Frameworks/Accelerate.framework/Versions/A/Frameworks/vecLib.framework/Versions/A/libLAPACK.dylib
0x0000000008418000 	/System/Library/Frameworks/Accelerate.framework/Versions/A/Frameworks/vecLib.framework/Versions/A/libBLAS.dylib
0x0000000008418000 	/System/Library/Frameworks/ApplicationServices.framework/Versions/A/Frameworks/ATS.framework/Versions/A/Resources/libFontParser.dylib
0x0000000008418000 	/System/Library/Frameworks/ApplicationServices.framework/Versions/A/Frameworks/ATS.framework/Versions/A/Resources/libFontRegistry.dylib
0x0000000008418000 	/System/Library/Frameworks/ImageIO.framework/Versions/A/Resources/libJPEG.dylib
0x0000000008418000 	/System/Library/Frameworks/ImageIO.framework/Versions/A/Resources/libTIFF.dylib
0x0000000008418000 	/System/Library/Frameworks/ImageIO.framework/Versions/A/Resources/libPng.dylib
0x0000000008418000 	/System/Library/Frameworks/ImageIO.framework/Versions/A/Resources/libGIF.dylib
0x0000000008418000 	/System/Library/Frameworks/ImageIO.framework/Versions/A/Resources/libJP2.dylib
0x0000000008418000 	/System/Library/Frameworks/ImageIO.framework/Versions/A/Resources/libRadiance.dylib
0x0000000008418000 	/usr/lib/libcups.2.dylib
0x0000000008418000 	/System/Library/Frameworks/Kerberos.framework/Versions/A/Kerberos
0x0000000008418000 	/System/Library/Frameworks/GSS.framework/Versions/A/GSS
0x0000000008418000 	/usr/lib/libresolv.9.dylib
0x0000000008418000 	/usr/lib/libiconv.2.dylib
0x0000000008418000 	/System/Library/PrivateFrameworks/Heimdal.framework/Versions/A/Heimdal
0x0000000008418000 	/System/Library/PrivateFrameworks/TrustEvaluationAgent.framework/Versions/A/TrustEvaluationAgent
0x0000000008418000 	/usr/lib/libheimdal-asn1.dylib
0x0000000008418000 	/System/Library/Frameworks/OpenDirectory.framework/Versions/A/OpenDirectory
0x0000000008418000 	/System/Library/PrivateFrameworks/CommonAuth.framework/Versions/A/CommonAuth
0x0000000008418000 	/System/Library/Frameworks/SecurityFoundation.framework/Versions/A/SecurityFoundation
0x0000000008418000 	/System/Library/PrivateFrameworks/Bom.framework/Versions/A/Bom
0x0000000008418000 	/System/Library/Frameworks/CoreVideo.framework/Versions/A/CoreVideo
0x0000000008418000 	/System/Library/Frameworks/QuartzCore.framework/Versions/A/Frameworks/CoreImage.framework/Versions/A/CoreImage
0x0000000008418000 	/System/Library/Frameworks/QuartzCore.framework/Versions/A/Frameworks/ScalableUserInterface.framework/Versions/A/ScalableUserInterface
0x0000000008418000 	/System/Library/Frameworks/OpenGL.framework/Versions/A/Libraries/libGLU.dylib
0x0000000008418000 	/System/Library/Frameworks/OpenGL.framework/Versions/A/Libraries/libGFXShared.dylib
0x0000000008418000 	/System/Library/Frameworks/OpenGL.framework/Versions/A/Libraries/libGL.dylib
0x0000000008418000 	/System/Library/Frameworks/OpenGL.framework/Versions/A/Libraries/libGLImage.dylib
0x0000000008418000 	/System/Library/Frameworks/OpenGL.framework/Versions/A/Libraries/libCVMSPluginSupport.dylib
0x0000000008418000 	/System/Library/Frameworks/OpenGL.framework/Versions/A/Libraries/libCoreVMClient.dylib
0x0000000008418000 	/System/Library/PrivateFrameworks/FaceCore.framework/Versions/A/FaceCore
0x0000000008418000 	/System/Library/PrivateFrameworks/CrashReporterSupport.framework/Versions/A/CrashReporterSupport
0x0000000008418000 	/System/Library/Frameworks/OpenCL.framework/Versions/A/OpenCL
0x0000000008418000 	/System/Library/PrivateFrameworks/AppleFSCompression.framework/Versions/A/AppleFSCompression
0x0000000008418000 	/System/Library/PrivateFrameworks/Ubiquity.framework/Versions/A/Ubiquity
0x0000000008418000 	/System/Library/PrivateFrameworks/IconServices.framework/Versions/A/IconServices
0x0000000008418000 	/System/Library/PrivateFrameworks/ChunkingLibrary.framework/Versions/A/ChunkingLibrary
0x0000000008418000 	/System/Library/PrivateFrameworks/CoreSymbolication.framework/Versions/A/CoreSymbolication
0x0000000008418000 	/System/Library/PrivateFrameworks/Symbolication.framework/Versions/A/Symbolication
0x0000000008418000 	/System/Library/PrivateFrameworks/DebugSymbols.framework/Versions/A/DebugSymbols
0x0000000108800000 	/Library/Java/JavaVirtualMachines/jdk1.7.0_51.jdk/Contents/Home/jre/lib/server/libjvm.dylib
0x0000000008418000 	/usr/lib/libstdc++.6.dylib
0x0000000109356000 	/Library/Java/JavaVirtualMachines/jdk1.7.0_51.jdk/Contents/Home/jre/lib/libverify.dylib
0x0000000109363000 	/Library/Java/JavaVirtualMachines/jdk1.7.0_51.jdk/Contents/Home/jre/lib/libjava.dylib
0x000000010939d000 	/Library/Java/JavaVirtualMachines/jdk1.7.0_51.jdk/Contents/Home/jre/lib/libzip.dylib
0x00000001569b9000 	/System/Library/Frameworks/JavaVM.framework/Frameworks/JavaRuntimeSupport.framework/JavaRuntimeSupport
0x00000001569d1000 	/System/Library/Frameworks/JavaVM.framework/Versions/A/Frameworks/JavaNativeFoundation.framework/Versions/A/JavaNativeFoundation
0x00000001569e6000 	/System/Library/Frameworks/JavaVM.framework/Versions/A/JavaVM
0x0000000008418000 	/System/Library/Frameworks/Carbon.framework/Versions/A/Carbon
0x00000001569f3000 	/System/Library/PrivateFrameworks/JavaLaunching.framework/Versions/A/JavaLaunching
0x0000000008418000 	/System/Library/Frameworks/Carbon.framework/Versions/A/Frameworks/CommonPanels.framework/Versions/A/CommonPanels
0x0000000008418000 	/System/Library/Frameworks/Carbon.framework/Versions/A/Frameworks/Help.framework/Versions/A/Help
0x0000000008418000 	/System/Library/Frameworks/Carbon.framework/Versions/A/Frameworks/ImageCapture.framework/Versions/A/ImageCapture
0x0000000008418000 	/System/Library/Frameworks/Carbon.framework/Versions/A/Frameworks/OpenScripting.framework/Versions/A/OpenScripting
0x0000000008418000 	/System/Library/Frameworks/Carbon.framework/Versions/A/Frameworks/Print.framework/Versions/A/Print
0x0000000008418000 	/System/Library/Frameworks/Carbon.framework/Versions/A/Frameworks/SecurityHI.framework/Versions/A/SecurityHI
0x00000001570a4000 	/private/var/folders/xq/nmgn8css20x4lwtbnw0mqptr0000gn/T/libgdxpaulhinojosa/78cdae83/libgdx64.dylib
0x000000015717b000 	/Library/Java/JavaVirtualMachines/jdk1.7.0_51.jdk/Contents/Home/jre/lib/libawt.dylib
0x000000015722a000 	/Library/Java/JavaVirtualMachines/jdk1.7.0_51.jdk/Contents/Home/jre/lib/./libmlib_image.dylib
0x00000001572f6000 	/Library/Java/JavaVirtualMachines/jdk1.7.0_51.jdk/Contents/Home/jre/lib/lwawt/liblwawt.dylib
0x00000001573aa000 	/Library/Java/JavaVirtualMachines/jdk1.7.0_51.jdk/Contents/Home/jre/lib/libosxapp.dylib
0x0000000008418000 	/System/Library/Frameworks/ExceptionHandling.framework/Versions/A/ExceptionHandling
0x0000000008418000 	/System/Library/PrivateFrameworks/CoreServicesInternal.framework/Versions/A/CoreServicesInternal
0x0000000008418000 	/System/Library/PrivateFrameworks/Librarian.framework/Versions/A/Librarian
0x0000000008418000 	/System/Library/Frameworks/CoreGraphics.framework/Versions/A/Resources/libCGCMS.A.dylib
0x0000000008418000 	/System/Library/Frameworks/CoreGraphics.framework/Versions/A/Resources/libRIP.A.dylib
0x0000000008418000 	/System/Library/Frameworks/CoreGraphics.framework/Versions/A/Resources/libCGXType.A.dylib
0x0000000008418000 	/System/Library/PrivateFrameworks/FamilyControls.framework/Versions/A/FamilyControls
0x0000000008418000 	/System/Library/PrivateFrameworks/CommerceKit.framework/Versions/A/Frameworks/CommerceCore.framework/Versions/A/CommerceCore
0x0000000008418000 	/System/Library/PrivateFrameworks/SystemAdministration.framework/Versions/A/SystemAdministration
0x0000000008418000 	/System/Library/Frameworks/DirectoryService.framework/Versions/A/DirectoryService
0x0000000008418000 	/System/Library/PrivateFrameworks/DiskImages.framework/Versions/A/DiskImages
0x0000000008418000 	/System/Library/PrivateFrameworks/LoginUIKit.framework/Versions/A/Frameworks/LoginUICore.framework/Versions/A/LoginUICore
0x0000000008418000 	/usr/lib/libCoreStorage.dylib
0x0000000008418000 	/usr/lib/libcsfde.dylib
0x0000000008418000 	/usr/lib/libodfde.dylib
0x0000000008418000 	/System/Library/Frameworks/DiscRecording.framework/Versions/A/DiscRecording
0x0000000008418000 	/usr/lib/libcurl.4.dylib
0x0000000008418000 	/System/Library/PrivateFrameworks/MediaKit.framework/Versions/A/MediaKit
0x0000000008418000 	/System/Library/PrivateFrameworks/EFILogin.framework/Versions/A/EFILogin
0x0000000008418000 	/usr/lib/libutil.dylib
0x0000000008418000 	/System/Library/PrivateFrameworks/AOSNotification.framework/Versions/A/AOSNotification
0x0000000008418000 	/System/Library/Frameworks/LDAP.framework/Versions/A/LDAP
0x0000000008418000 	/usr/lib/libsasl2.2.dylib
0x0000000008418000 	/usr/lib/libcrypto.0.9.8.dylib
0x0000000008418000 	/usr/lib/libssl.0.9.8.dylib
0x000000015b4e7000 	/Library/Java/JavaVirtualMachines/jdk1.7.0_51.jdk/Contents/Home/jre/lib/libfontmanager.dylib
0x000000015b54e000 	/private/var/folders/xq/nmgn8css20x4lwtbnw0mqptr0000gn/T/libgdxpaulhinojosa/45614fc1/liblwjgl.dylib
0x0000000158c34000 	/Library/Java/JavaVirtualMachines/jdk1.7.0_51.jdk/Contents/Home/jre/lib/libjawt.dylib
0x000000015b5cd000 	/var/folders/xq/nmgn8css20x4lwtbnw0mqptr0000gn/T/libgdxpaulhinojosa/45614fc1/openal.dylib
0x000000015b629000 	/System/Library/Components/CoreAudio.component/Contents/MacOS/CoreAudio
0x0000000158c4c000 	/System/Library/Extensions/AppleHDA.kext/Contents/PlugIns/AppleHDAHALPlugIn.bundle/Contents/MacOS/AppleHDAHALPlugIn
0x0000000008418000 	/System/Library/Frameworks/OpenGL.framework/Versions/A/Resources/GLEngine.bundle/GLEngine
0x0000000008418000 	/System/Library/Frameworks/OpenGL.framework/Versions/A/Libraries/libGLProgrammability.dylib
0x0000000000000000 	/System/Library/Extensions/AppleIntelHD4000GraphicsGLDriver.bundle/Contents/MacOS/AppleIntelHD4000GraphicsGLDriver
0x0000000008418000 	/System/Library/PrivateFrameworks/IOAccelerator.framework/Versions/A/IOAccelerator
0x0000000008418000 	/System/Library/PrivateFrameworks/GPUSupport.framework/Versions/A/Libraries/libGPUSupportMercury.dylib
0x0000000000000000 	/System/Library/Extensions/GeForceGLDriver.bundle/Contents/MacOS/GeForceGLDriver
0x0000000008418000 	/System/Library/Extensions/GeForceGLDriver.bundle/Contents/MacOS/libclh.dylib
0x0000000008418000 	/System/Library/Frameworks/OpenGL.framework/Versions/A/Resources/GLRendererFloat.bundle/GLRendererFloat
0x0000000008418000 	/System/Library/Frameworks/OpenCL.framework/Versions/A/Libraries/libcldcpuengine.dylib
0x0000000159a1a000 	cl_kernels
0x000000015c6a1000 	/System/Library/Frameworks/OpenCL.framework/Versions/A/Libraries/ImageFormats/unorm8_bgra.dylib
0x0000000159a20000 	cl_kernels

VM Arguments:
jvm_args: -Dfile.encoding=US-ASCII 
java_command: com.perseus.super_game.Main
Launcher Type: SUN_STANDARD

Environment Variables:
PATH=/usr/bin:/bin:/usr/sbin:/sbin
SHELL=/bin/bash
DISPLAY=/tmp/launch-NNGT7E/org.macosforge.xquartz:0

Signal Handlers:
SIGSEGV: [libjvm.dylib+0x525425], sa_mask[0]=0xfffefeff, sa_flags=0x00000043
SIGBUS: [libjvm.dylib+0x525425], sa_mask[0]=0xfffefeff, sa_flags=0x00000042
SIGFPE: [libjvm.dylib+0x41892a], sa_mask[0]=0xfffefeff, sa_flags=0x00000042
SIGPIPE: [libjvm.dylib+0x41892a], sa_mask[0]=0xfffefeff, sa_flags=0x00000042
SIGXFSZ: [libjvm.dylib+0x41892a], sa_mask[0]=0xfffefeff, sa_flags=0x00000042
SIGILL: [libjvm.dylib+0x41892a], sa_mask[0]=0xfffefeff, sa_flags=0x00000042
SIGUSR1: SIG_DFL, sa_mask[0]=0x00000000, sa_flags=0x00000002
SIGUSR2: [libjvm.dylib+0x41841c], sa_mask[0]=0x00000004, sa_flags=0x00000042
SIGHUP: [libjvm.dylib+0x4166ab], sa_mask[0]=0xfffefeff, sa_flags=0x00000042
SIGINT: [libjvm.dylib+0x4166ab], sa_mask[0]=0xfffefeff, sa_flags=0x00000042
SIGTERM: [libjvm.dylib+0x4166ab], sa_mask[0]=0xfffefeff, sa_flags=0x00000042
SIGQUIT: [libjvm.dylib+0x4166ab], sa_mask[0]=0xfffefeff, sa_flags=0x00000042


---------------  S Y S T E M  ---------------

OS:Bsduname:Darwin 13.1.0 Darwin Kernel Version 13.1.0: Thu Jan 16 19:40:37 PST 2014; root:xnu-2422.90.20~2/RELEASE_X86_64 x86_64
rlimit: STACK 8192k, CORE 0k, NPROC 709, NOFILE 10240, AS infinity
load average:54.34 34.00 17.21

CPU:total 8 (4 cores per cpu, 2 threads per core) family 6 model 58 stepping 9, cmov, cx8, fxsr, mmx, sse, sse2, sse3, ssse3, sse4.1, sse4.2, popcnt, avx, aes, erms, ht, tsc, tscinvbit, tscinv

Memory: 4k page, physical 4194304k(1048576k free)

/proc/meminfo:


vm_info: Java HotSpot(TM) 64-Bit Server VM (24.51-b03) for bsd-amd64 JRE (1.7.0_51-b13), built on Dec 18 2013 18:45:56 by "java_re" with gcc 4.2.1 (Based on Apple Inc. build 5658) (LLVM build 2336.11.00)

time: Thu Apr 10 14:55:02 2014
elapsed time: 36 seconds

